#
# There is insufficient memory for the Java Runtime Environment to continue.
# Native memory allocation (malloc) failed to allocate 140128 bytes for Chunk::new
# Possible reasons:
#   The system is out of physical RAM or swap space
#   The process is running with CompressedOops enabled, and the Java Heap may be blocking the growth of the native heap
# Possible solutions:
#   Reduce memory load on the system
#   Increase physical memory or swap space
#   Check if swap backing store is full
#   Decrease Java heap size (-Xmx/-Xms)
#   Decrease number of Java threads
#   Decrease Java thread stack sizes (-Xss)
#   Set larger code cache with -XX:ReservedCodeCacheSize=
#   JVM is running with Zero Based Compressed Oops mode in which the Java heap is
#     placed in the first 32GB address space. The Java Heap base address is the
#     maximum limit for the native heap growth. Please use -XX:HeapBaseMinAddress
#     to set the Java Heap base and to place the Java Heap above 32GB virtual address.
# This output file may be truncated or incomplete.
#
#  Out of Memory Error (allocation.cpp:389), pid=18744, tid=0x0000000000000a3c
#
# JRE version: OpenJDK Runtime Environment (8.0_202-b03) (build 1.8.0_202-release-1483-b03)
# Java VM: OpenJDK 64-Bit Server VM (25.202-b03 mixed mode windows-amd64 compressed oops)
# Failed to write core dump. Minidumps are not enabled by default on client versions of Windows
#

---------------  T H R E A D  ---------------

Current thread (0x000000001c17a800):  JavaThread "C2 CompilerThread0" daemon [_thread_in_native, id=2620, stack(0x000000001d800000,0x000000001d900000)]

Stack: [0x000000001d800000,0x000000001d900000]
[error occurred during error reporting (printing stack bounds), id 0xc0000005]

Native frames: (J=compiled Java code, j=interpreted, Vv=VM code, C=native code)


Current CompileTask:
C2:    511  461  s!   4       sun.misc.URLClassPath::getLoader (243 bytes)


---------------  P R O C E S S  ---------------

Java Threads: ( => current thread )
  0x000000001c1de800 JavaThread "Service Thread" daemon [_thread_blocked, id=20620, stack(0x000000001df00000,0x000000001e000000)]
  0x000000001c18b800 JavaThread "C1 CompilerThread2" daemon [_thread_blocked, id=23004, stack(0x000000001da00000,0x000000001db00000)]
  0x000000001c182800 JavaThread "C2 CompilerThread1" daemon [_thread_in_native, id=20528, stack(0x000000001d900000,0x000000001da00000)]
=>0x000000001c17a800 JavaThread "C2 CompilerThread0" daemon [_thread_in_native, id=2620, stack(0x000000001d800000,0x000000001d900000)]
  0x000000001c18a800 JavaThread "Attach Listener" daemon [_thread_blocked, id=14884, stack(0x000000001d700000,0x000000001d800000)]
  0x000000001c189000 JavaThread "Signal Dispatcher" daemon [_thread_blocked, id=6672, stack(0x000000001d600000,0x000000001d700000)]
  0x0000000002b5e800 JavaThread "Finalizer" daemon [_thread_blocked, id=26676, stack(0x000000001d3e0000,0x000000001d4e0000)]
  0x0000000002b53000 JavaThread "Reference Handler" daemon [_thread_blocked, id=6492, stack(0x000000001d2e0000,0x000000001d3e0000)]
  0x0000000002a62800 JavaThread "main" [_thread_in_vm, id=21968, stack(0x0000000002960000,0x0000000002a60000)]

Other Threads:
  0x000000001c145800 VMThread [stack: 0x000000001d1e0000,0x000000001d2e0000] [id=18416]
  0x000000001db3c800 WatcherThread [stack: 0x000000001e000000,0x000000001e100000] [id=17096]

VM state:not at safepoint (normal execution)

VM Mutex/Monitor currently owned by a thread:  ([mutex/lock_event])
[0x000000000283e440] AdapterHandlerLibrary_lock - owner thread: 0x0000000002a62800

heap address: 0x00000006c1c00000, size: 4068 MB, Compressed Oops mode: Zero based, Oop shift amount: 3
Narrow klass base: 0x0000000000000000, Narrow klass shift: 3
Compressed class space size: 1073741824 Address: 0x00000007c0000000

Heap:
 PSYoungGen      total 76288K, used 47787K [0x000000076b400000, 0x0000000770900000, 0x00000007c0000000)
  eden space 65536K, 72% used [0x000000076b400000,0x000000076e2aac60,0x000000076f400000)
  from space 10752K, 0% used [0x000000076fe80000,0x000000076fe80000,0x0000000770900000)
  to   space 10752K, 0% used [0x000000076f400000,0x000000076f400000,0x000000076fe80000)
 ParOldGen       total 175104K, used 0K [0x00000006c1c00000, 0x00000006cc700000, 0x000000076b400000)
  object space 175104K, 0% used [0x00000006c1c00000,0x00000006c1c00000,0x00000006cc700000)
 Metaspace       used 6875K, capacity 7054K, committed 7168K, reserved 1056768K
  class space    used 846K, capacity 925K, committed 1024K, reserved 1048576K

Card table byte_map: [0x0000000011f20000,0x0000000012720000] byte_map_base: 0x000000000e912000

Marking Bits: (ParMarkBitMap*) 0x0000000057b69f30
 Begin Bits: [0x0000000013070000, 0x0000000017000000)
 End Bits:   [0x0000000017000000, 0x000000001af90000)

Polling page: 0x0000000001030000

CodeCache: size=245760Kb used=2324Kb max_used=2324Kb free=243435Kb
 bounds [0x0000000002b60000, 0x0000000002dd0000, 0x0000000011b60000]
 total_blobs=781 nmethods=497 adapters=198
 compilation: enabled

Compilation events (10 events):
Event: 0.478 Thread 0x000000001c18b800  496   !   3       java.util.zip.Inflater::setInput (74 bytes)
Event: 0.478 Thread 0x000000001c18b800 nmethod 496 0x0000000002da2d10 code [0x0000000002da2ea0, 0x0000000002da33d8]
Event: 0.481 Thread 0x000000001c18b800  497   !   3       java.util.zip.ZipFile::getInflater (56 bytes)
Event: 0.482 Thread 0x000000001c18b800 nmethod 497 0x0000000002da35d0 code [0x0000000002da37c0, 0x0000000002da43b8]
Event: 0.482 Thread 0x000000001c18b800  498       3       java.util.ArrayDeque::poll (5 bytes)
Event: 0.482 Thread 0x000000001c18b800 nmethod 498 0x0000000002da4a10 code [0x0000000002da4b80, 0x0000000002da4d28]
Event: 0.482 Thread 0x000000001c18b800  499       3       java.util.ArrayDeque::pollFirst (42 bytes)
Event: 0.482 Thread 0x000000001c18b800 nmethod 499 0x0000000002da4dd0 code [0x0000000002da4f40, 0x0000000002da5270]
Event: 0.482 Thread 0x000000001c18b800  500       3       java.util.zip.InflaterInputStream::<init> (79 bytes)
Event: 0.483 Thread 0x000000001c18b800 nmethod 500 0x0000000002da53d0 code [0x0000000002da5580, 0x0000000002da5c78]

GC Heap History (0 events):
No events

Deoptimization events (0 events):
No events

Classes redefined (0 events):
No events

Internal exceptions (10 events):
Event: 0.210 Thread 0x0000000002a62800 Exception <a 'java/security/PrivilegedActionException'> (0x000000076d6db3f8) thrown at [D:\src\AOSP-openjdk-cygwin\jdk8u\hotspot\src\share\vm\prims\jvm.cpp, line 1508]
Event: 0.210 Thread 0x0000000002a62800 Exception <a 'java/security/PrivilegedActionException'> (0x000000076d6db7f0) thrown at [D:\src\AOSP-openjdk-cygwin\jdk8u\hotspot\src\share\vm\prims\jvm.cpp, line 1508]
Event: 0.210 Thread 0x0000000002a62800 Exception <a 'java/security/PrivilegedActionException'> (0x000000076d6dcbb0) thrown at [D:\src\AOSP-openjdk-cygwin\jdk8u\hotspot\src\share\vm\prims\jvm.cpp, line 1508]
Event: 0.210 Thread 0x0000000002a62800 Exception <a 'java/security/PrivilegedActionException'> (0x000000076d6dcfa8) thrown at [D:\src\AOSP-openjdk-cygwin\jdk8u\hotspot\src\share\vm\prims\jvm.cpp, line 1508]
Event: 0.210 Thread 0x0000000002a62800 Exception <a 'java/security/PrivilegedActionException'> (0x000000076d6de440) thrown at [D:\src\AOSP-openjdk-cygwin\jdk8u\hotspot\src\share\vm\prims\jvm.cpp, line 1508]
Event: 0.210 Thread 0x0000000002a62800 Exception <a 'java/security/PrivilegedActionException'> (0x000000076d6de838) thrown at [D:\src\AOSP-openjdk-cygwin\jdk8u\hotspot\src\share\vm\prims\jvm.cpp, line 1508]
Event: 0.211 Thread 0x0000000002a62800 Exception <a 'java/security/PrivilegedActionException'> (0x000000076d6dfdc0) thrown at [D:\src\AOSP-openjdk-cygwin\jdk8u\hotspot\src\share\vm\prims\jvm.cpp, line 1508]
Event: 0.211 Thread 0x0000000002a62800 Exception <a 'java/security/PrivilegedActionException'> (0x000000076d6e01b8) thrown at [D:\src\AOSP-openjdk-cygwin\jdk8u\hotspot\src\share\vm\prims\jvm.cpp, line 1508]
Event: 0.310 Thread 0x0000000002a62800 Exception <a 'java/lang/NoSuchFieldError': method resolution failed> (0x000000076d9c3e68) thrown at [D:\src\AOSP-openjdk-cygwin\jdk8u\hotspot\src\share\vm\prims\methodHandles.cpp, line 1167]
Event: 0.316 Thread 0x0000000002a62800 Exception <a 'java/lang/NoSuchFieldError': method resolution failed> (0x000000076d9d1218) thrown at [D:\src\AOSP-openjdk-cygwin\jdk8u\hotspot\src\share\vm\prims\methodHandles.cpp, line 1167]

Events (10 events):
Event: 0.480 loading class net/bytebuddy/dynamic/scaffold/MethodGraph$Compiler
Event: 0.480 loading class net/bytebuddy/dynamic/scaffold/MethodGraph$Compiler done
Event: 0.481 loading class net/bytebuddy/dynamic/scaffold/MethodGraph$Compiler$Default
Event: 0.481 loading class net/bytebuddy/dynamic/scaffold/MethodGraph$Compiler$Default done
Event: 0.481 loading class net/bytebuddy/dynamic/scaffold/MethodGraph$Compiler$AbstractBase
Event: 0.481 loading class net/bytebuddy/dynamic/scaffold/MethodGraph$Compiler$AbstractBase done
Event: 0.482 loading class net/bytebuddy/dynamic/scaffold/MethodGraph$Compiler$Default$Harmonizer
Event: 0.482 loading class net/bytebuddy/dynamic/scaffold/MethodGraph$Compiler$Default$Harmonizer done
Event: 0.483 loading class net/bytebuddy/dynamic/scaffold/MethodGraph$Compiler$Default$Merger
Event: 0.483 loading class net/bytebuddy/dynamic/scaffold/MethodGraph$Compiler$Default$Merger done


Dynamic libraries:
0x00007ff77f050000 - 0x00007ff77f081000 	D:\Program Files\Android\Android Studio\jre\bin\javaw.exe
0x00007ff892d60000 - 0x00007ff892f50000 	C:\WINDOWS\SYSTEM32\ntdll.dll
0x00007ff8918e0000 - 0x00007ff891992000 	C:\WINDOWS\System32\KERNEL32.DLL
0x00007ff890020000 - 0x00007ff8902c3000 	C:\WINDOWS\System32\KERNELBASE.dll
0x00007ff891f50000 - 0x00007ff891ff3000 	C:\WINDOWS\System32\ADVAPI32.dll
0x00007ff892290000 - 0x00007ff89232e000 	C:\WINDOWS\System32\msvcrt.dll
0x00007ff892700000 - 0x00007ff892797000 	C:\WINDOWS\System32\sechost.dll
0x00007ff8919a0000 - 0x00007ff891ac0000 	C:\WINDOWS\System32\RPCRT4.dll
0x00007ff891c00000 - 0x00007ff891d94000 	C:\WINDOWS\System32\USER32.dll
0x00007ff890b20000 - 0x00007ff890b41000 	C:\WINDOWS\System32\win32u.dll
0x00007ff892c20000 - 0x00007ff892c46000 	C:\WINDOWS\System32\GDI32.dll
0x00007ff890bf0000 - 0x00007ff890d84000 	C:\WINDOWS\System32\gdi32full.dll
0x00007ff890b50000 - 0x00007ff890bee000 	C:\WINDOWS\System32\msvcp_win.dll
0x00007ff88fec0000 - 0x00007ff88ffba000 	C:\WINDOWS\System32\ucrtbase.dll
0x00007ff8810a0000 - 0x00007ff881325000 	C:\WINDOWS\WinSxS\amd64_microsoft.windows.common-controls_6595b64144ccf1df_6.0.18362.657_none_e6c5b579130e3898\COMCTL32.dll
0x00007ff892330000 - 0x00007ff892666000 	C:\WINDOWS\System32\combase.dll
0x00007ff88fe40000 - 0x00007ff88fec0000 	C:\WINDOWS\System32\bcryptPrimitives.dll
0x00007ff8921b0000 - 0x00007ff8921de000 	C:\WINDOWS\System32\IMM32.DLL
0x0000000058440000 - 0x0000000058512000 	D:\Program Files\Android\Android Studio\jre\jre\bin\msvcr100.dll
0x00000000573a0000 - 0x0000000057be6000 	D:\Program Files\Android\Android Studio\jre\jre\bin\server\jvm.dll
0x00007ff8927a0000 - 0x00007ff8927a8000 	C:\WINDOWS\System32\PSAPI.DLL
0x00007ff884ab0000 - 0x00007ff884ab9000 	C:\WINDOWS\SYSTEM32\WSOCK32.dll
0x00007ff885670000 - 0x00007ff885694000 	C:\WINDOWS\SYSTEM32\WINMM.dll
0x00007ff891dc0000 - 0x00007ff891e2f000 	C:\WINDOWS\System32\WS2_32.dll
0x00007ff889dc0000 - 0x00007ff889dca000 	C:\WINDOWS\SYSTEM32\VERSION.dll
0x00007ff885640000 - 0x00007ff88566d000 	C:\WINDOWS\SYSTEM32\WINMMBASE.dll
0x00007ff890dc0000 - 0x00007ff890e0a000 	C:\WINDOWS\System32\cfgmgr32.dll
0x00007ff853a00000 - 0x00007ff853a0f000 	D:\Program Files\Android\Android Studio\jre\jre\bin\verify.dll
0x00007ff8539d0000 - 0x00007ff8539f9000 	D:\Program Files\Android\Android Studio\jre\jre\bin\java.dll
0x00007ff8539b0000 - 0x00007ff8539c6000 	D:\Program Files\Android\Android Studio\jre\jre\bin\zip.dll
0x00007ff890e10000 - 0x00007ff8914f5000 	C:\WINDOWS\System32\SHELL32.dll
0x00007ff891e30000 - 0x00007ff891ed9000 	C:\WINDOWS\System32\shcore.dll
0x00007ff8903a0000 - 0x00007ff890b1f000 	C:\WINDOWS\System32\windows.storage.dll
0x00007ff88fcd0000 - 0x00007ff88fcef000 	C:\WINDOWS\System32\profapi.dll
0x00007ff88fc80000 - 0x00007ff88fcca000 	C:\WINDOWS\System32\powrprof.dll
0x00007ff88fc30000 - 0x00007ff88fc40000 	C:\WINDOWS\System32\UMPDC.dll
0x00007ff891820000 - 0x00007ff891872000 	C:\WINDOWS\System32\shlwapi.dll
0x00007ff88fc60000 - 0x00007ff88fc71000 	C:\WINDOWS\System32\kernel.appcore.dll
0x00007ff8902d0000 - 0x00007ff8902e7000 	C:\WINDOWS\System32\cryptsp.dll

VM Arguments:
jvm_args: -Dfile.encoding=Cp1252 
java_command: com.novellius.test.Test
java_class_path (initial): C:\Users\miche\Downloads\ProyectoHibernate(1)\ProyectoHibernate\target\classes;C:\Users\miche\.m2\repository\org\hibernate\ogm\hibernate-ogm-core\5.4.1.Final\hibernate-ogm-core-5.4.1.Final.jar;C:\Users\miche\.m2\repository\org\hibernate\hibernate-core\5.3.6.Final\hibernate-core-5.3.6.Final.jar;C:\Users\miche\.m2\repository\org\javassist\javassist\3.23.1-GA\javassist-3.23.1-GA.jar;C:\Users\miche\.m2\repository\antlr\antlr\2.7.7\antlr-2.7.7.jar;C:\Users\miche\.m2\repository\org\jboss\jandex\2.0.5.Final\jandex-2.0.5.Final.jar;C:\Users\miche\.m2\repository\javax\activation\javax.activation-api\1.2.0\javax.activation-api-1.2.0.jar;C:\Users\miche\.m2\repository\dom4j\dom4j\1.6.1\dom4j-1.6.1.jar;C:\Users\miche\.m2\repository\org\hibernate\common\hibernate-commons-annotations\5.0.3.Final\hibernate-commons-annotations-5.0.3.Final.jar;C:\Users\miche\.m2\repository\org\hibernate\hql\hibernate-hql-parser\1.5.0.Final\hibernate-hql-parser-1.5.0.Final.jar;C:\Users\miche\.m2\repository\org\antlr\antlr-runtime\3.4\antlr-runtime-3.4.jar;C:\Users\miche\.m2\repository\org\antlr\stringtemplate\3.2.1\stringtemplate-3.2.1.jar;C:\Users\miche\.m2\repository\com\fasterxml\classmate\1.3.3\classmate-1.3.3.jar;C:\Users\miche\.m2\repository\org\hibernate\validator\hibernate-validator\6.1.2.Final\hibernate-validator-6.1.2.Final.jar;C:\Users\miche\.m2\repository\jakarta\validation\jakarta.validation-api\2.0.2\jakarta.validation-api-2.0.2.jar;C:\Users\miche\.m2\repository\org\jboss\logging\jboss-logging\3.3.2.Final\jboss-logging-3.3.2.Final.jar;C:\Users\miche\.m2\repository\org\hibernate\hibernate-entitymanager\5.4.10.Final\hibernate-entitymanager-5.4.10.Final.jar;C:\Users\miche\.m2\repository\org\dom4j\dom4j\2.1.1\dom4j-2.1.1.jar;C:\Users\miche\.m2\repository\javax\persistence\javax.persistence-api\2.2\javax.persistence-api-2.2.jar;C:\Users\miche\.m2\repository\net\bytebuddy\byte-buddy\1.10.2\byte-buddy-1.10.2.jar;C:\Users\miche\.m2\repository\org\jboss\spec\javax\tran
Launcher Type: SUN_STANDARD

Environment Variables:
PATH=D:/Program Files/Android/Android Studio/jre/bin/../jre/bin/server;D:/Program Files/Android/Android Studio/jre/bin/../jre/bin;D:/Program Files/Android/Android Studio/jre/bin/../jre/lib/amd64;C:\ProgramData\Oracle\Java\javapath;C:\WINDOWS\system32;C:\WINDOWS;C:\WINDOWS\System32\Wbem;C:\WINDOWS\System32\WindowsPowerShell\v1.0\;C:\WINDOWS\System32\OpenSSH\;D:\Program Files\nodejs\;C:\Program Files\dotnet\;C:\Program Files\Microsoft SQL Server\130\Tools\Binn\;C:\Program Files\Microsoft SQL Server\Client SDK\ODBC\170\Tools\Binn\;C:\Program Files\NVIDIA Corporation\NVIDIA NvDLISR;C:\Users\miche\AppData\Local\Microsoft\WindowsApps;;D:\Users\miche\AppData\Local\Programs\Microsoft VS Code\bin;C:\Users\miche\AppData\Roaming\npm;C:\Users\miche\OneDrive\Escritorio;
USERNAME=miche
OS=Windows_NT
PROCESSOR_IDENTIFIER=Intel64 Family 6 Model 142 Stepping 9, GenuineIntel



---------------  S Y S T E M  ---------------

OS: Windows 10.0 , 64 bit Build 18362 (10.0.18362.329)

CPU:total 4 (initial active 4) (2 cores per cpu, 2 threads per core) family 6 model 142 stepping 9, cmov, cx8, fxsr, mmx, sse, sse2, sse3, ssse3, sse4.1, sse4.2, popcnt, avx, avx2, aes, clmul, erms, 3dnowpref, lzcnt, ht, tsc, tscinvbit, bmi1, bmi2, adx

Memory: 4k page, physical 16655792k(6850104k free), swap 31241032k(2208k free)

vm_info: OpenJDK 64-Bit Server VM (25.202-b03) for windows-amd64 JRE (1.8.0_202-release-1483-b03), built by "builder" with MS VC++ 10.0 (VS2010)

time: Mon Mar 02 01:54:31 2020
timezone: Hora estándar romance
elapsed time: 0 seconds (0d 0h 0m 0s)

